<?xml version="1.0" encoding="UTF-8"?>
<robot generator="Robot 7.0 (Python 3.12.2 on win32)" generated="2024-02-13T13:18:38.047062" rpa="false" schemaversion="5">
<suite id="s1" name="Open Application" source="C:\Users\TUL\Desktop\Automation\robotframework\Open_Application.robot">
<test id="s1-t1" name="Open_Application" line="25">
<kw name="Open Application" owner="AppiumLibrary">
<arg>http://localhost:4723/wd/hub</arg>
<arg>platformName=Android</arg>
<arg>deviceName='emulator-5554'</arg>
<arg>appPackage=com.universityliving</arg>
<arg>appActivity=com.universityliving.MainActivity</arg>
<arg>automationName=UiAutomator2</arg>
<doc>Opens a new application to given Appium server.
Capabilities of appium server, Android and iOS,
Please check https://github.com/appium/appium/blob/master/docs/en/writing-running-appium/server-args.md
| *Option*            | *Man.* | *Description*     |
| remote_url          | Yes    | Appium server url |
| alias               | no     | alias             |
| strict_ssl          | No     | allows you to send commands to an invalid certificate host like a self-signed one. |</doc>
<status status="PASS" start="2024-02-13T13:18:38.657899" elapsed="25.368564"/>
</kw>
<kw name="Sleep" owner="BuiltIn">
<msg time="2024-02-13T13:19:14.028167" level="INFO">Slept 10 seconds.</msg>
<arg>10s</arg>
<doc>Pauses the test executed for the given time.</doc>
<status status="PASS" start="2024-02-13T13:19:04.026463" elapsed="10.003474"/>
</kw>
<kw name="Wait Until Element Is Visible" owner="AppiumLibrary">
<msg time="2024-02-13T13:19:14.142600" level="INFO">criteria is com.android.permissioncontroller:id/permission_allow_button</msg>
<arg>${Notificaton_permission_allow_button}</arg>
<doc>Waits until element specified with `locator` is visible.</doc>
<status status="PASS" start="2024-02-13T13:19:14.029937" elapsed="0.113661"/>
</kw>
<kw name="Click Element" owner="AppiumLibrary">
<msg time="2024-02-13T13:19:14.145592" level="INFO">Clicking element 'com.android.permissioncontroller:id/permission_allow_button'.</msg>
<msg time="2024-02-13T13:19:14.353201" level="INFO">criteria is com.android.permissioncontroller:id/permission_allow_button</msg>
<arg>${Notificaton_permission_allow_button}</arg>
<doc>Click element identified by `locator`.</doc>
<status status="PASS" start="2024-02-13T13:19:14.143598" elapsed="0.209603"/>
</kw>
<kw name="Wait Until Page Contains Element" owner="AppiumLibrary">
<msg time="2024-02-13T13:19:19.457462" level="INFO">xpath criteria: //android.widget.TextView[@text="Next"]</msg>
<arg>${Walkthroughscreen1_Next_Button}</arg>
<doc>Waits until element specified with `locator` appears on current page.</doc>
<status status="PASS" start="2024-02-13T13:19:14.354200" elapsed="5.103262"/>
</kw>
<kw name="Click Element" owner="AppiumLibrary">
<msg time="2024-02-13T13:19:19.459456" level="INFO">Clicking element '//android.widget.TextView[@text="Next"]'.</msg>
<msg time="2024-02-13T13:19:20.544627" level="INFO">xpath criteria: //android.widget.TextView[@text="Next"]</msg>
<arg>${Walkthroughscreen1_Next_Button}</arg>
<doc>Click element identified by `locator`.</doc>
<status status="PASS" start="2024-02-13T13:19:19.457462" elapsed="1.088159"/>
</kw>
<kw name="Click Element" owner="AppiumLibrary">
<msg time="2024-02-13T13:19:20.547616" level="INFO">Clicking element '//android.widget.TextView[@text="Next"]'.</msg>
<msg time="2024-02-13T13:19:20.899678" level="INFO">xpath criteria: //android.widget.TextView[@text="Next"]</msg>
<arg>${Walkthroughscreen2_Next_Button}</arg>
<doc>Click element identified by `locator`.</doc>
<status status="PASS" start="2024-02-13T13:19:20.545621" elapsed="0.355050"/>
</kw>
<kw name="Click Element" owner="AppiumLibrary">
<msg time="2024-02-13T13:19:20.903664" level="INFO">Clicking element '//android.widget.TextView[@text="Next"]'.</msg>
<msg time="2024-02-13T13:19:22.870984" level="INFO">xpath criteria: //android.widget.TextView[@text="Next"]</msg>
<arg>${Walkthroughscreen3_Next_Button}</arg>
<doc>Click element identified by `locator`.</doc>
<status status="PASS" start="2024-02-13T13:19:20.900671" elapsed="1.970313"/>
</kw>
<kw name="Click Element" owner="AppiumLibrary">
<msg time="2024-02-13T13:19:22.873017" level="INFO">Clicking element '//android.widget.TextView[@text="Login/Sign Up"]'.</msg>
<msg time="2024-02-13T13:19:23.254162" level="INFO">xpath criteria: //android.widget.TextView[@text="Login/Sign Up"]</msg>
<arg>${Walkthroughscreen_login/signup}</arg>
<doc>Click element identified by `locator`.</doc>
<status status="PASS" start="2024-02-13T13:19:22.871984" elapsed="0.382178"/>
</kw>
<kw name="Sleep" owner="BuiltIn">
<msg time="2024-02-13T13:19:28.257176" level="INFO">Slept 5 seconds.</msg>
<arg>5s</arg>
<doc>Pauses the test executed for the given time.</doc>
<status status="PASS" start="2024-02-13T13:19:23.255158" elapsed="5.002018"/>
</kw>
<kw name="Input Text" owner="AppiumLibrary">
<msg time="2024-02-13T13:19:28.258907" level="INFO">Typing text 'pravin.garg@universityliving.com' into text field '//android.widget.EditText'</msg>
<msg time="2024-02-13T13:19:28.628267" level="INFO">xpath criteria: //android.widget.EditText</msg>
<arg>${Login_email}</arg>
<arg>pravin.garg@universityliving.com</arg>
<doc>Types the given `text` into text field identified by `locator`.</doc>
<status status="PASS" start="2024-02-13T13:19:28.257176" elapsed="0.371091"/>
</kw>
<kw name="Click Element" owner="AppiumLibrary">
<msg time="2024-02-13T13:19:28.633253" level="INFO">Clicking element '//android.view.ViewGroup[@content-desc="Login"]'.</msg>
<msg time="2024-02-13T13:19:29.730722" level="INFO">xpath criteria: //android.view.ViewGroup[@content-desc="Login"]</msg>
<arg>${Login_BUTTON}</arg>
<doc>Click element identified by `locator`.</doc>
<status status="PASS" start="2024-02-13T13:19:28.628267" elapsed="1.102455"/>
</kw>
<kw name="Sleep" owner="BuiltIn">
<msg time="2024-02-13T13:19:34.732355" level="INFO">Slept 5 seconds.</msg>
<arg>5s</arg>
<doc>Pauses the test executed for the given time.</doc>
<status status="PASS" start="2024-02-13T13:19:29.731718" elapsed="5.000637"/>
</kw>
<status status="PASS" start="2024-02-13T13:18:38.656889" elapsed="56.075466"/>
</test>
<doc>Simple example using AppiumLibrary</doc>
<status status="PASS" start="2024-02-13T13:18:38.053045" elapsed="56.681302"/>
</suite>
<statistics>
<total>
<stat pass="1" fail="0" skip="0">All Tests</stat>
</total>
<tag>
</tag>
<suite>
<stat pass="1" fail="0" skip="0" id="s1" name="Open Application">Open Application</stat>
</suite>
</statistics>
<errors>
</errors>
</robot>
